<?xml version="1.0" encoding="UTF-8"?>
<testng-results skipped="0" failed="1" total="1" passed="0">
  <reporter-output>
  </reporter-output>
  <suite name="Default suite" duration-ms="33434" started-at="2013-07-21T08:03:48Z" finished-at="2013-07-21T08:04:21Z">
    <groups>
    </groups>
    <test name="Default test" duration-ms="33434" started-at="2013-07-21T08:03:48Z" finished-at="2013-07-21T08:04:21Z">
      <class name="com.erol.cicek.YeniBireyselUyelikTest">
        <test-method status="PASS" signature="setEnv(java.lang.String)[pri:0, instance:com.erol.cicek.YeniBireyselUyelikTest@79dd63b4]" name="setEnv" is-config="true" duration-ms="8" started-at="2013-07-21T11:03:48Z" finished-at="2013-07-21T11:03:48Z">
          <params>
            <param index="0">
              <value>
                <![CDATA[https://www.ciceksepeti.com/bireysel-uyelik]]>
              </value>
            </param>
          </params>
          <reporter-output>
          </reporter-output>
        </test-method> <!-- setEnv -->
        <test-method status="PASS" signature="setUp()[pri:0, instance:com.erol.cicek.YeniBireyselUyelikTest@79dd63b4]" name="setUp" is-config="true" duration-ms="14835" started-at="2013-07-21T11:03:48Z" finished-at="2013-07-21T11:04:03Z">
          <reporter-output>
          </reporter-output>
        </test-method> <!-- setUp -->
        <test-method status="FAIL" signature="BireyselUyelikTest(com.erol.yeniuyelik.data.YeniUyelikData)[pri:0, instance:com.erol.cicek.YeniBireyselUyelikTest@79dd63b4]" name="BireyselUyelikTest" duration-ms="17061" started-at="2013-07-21T11:04:03Z" data-provider="BireyselUyelikCSVData" finished-at="2013-07-21T11:04:20Z">
          <params>
            <param index="0">
              <value>
                <![CDATA[com.erol.yeniuyelik.data.YeniUyelikData@9327927]]>
              </value>
            </param>
          </params>
          <exception class="org.openqa.selenium.NoSuchElementException">
            <message>
              <![CDATA[Unable to locate element: {"method":"css selector","selector":"a.btnTurqoise.backMain"}
Command duration or timeout: 10 milliseconds
For documentation on this error, please visit: http://seleniumhq.org/exceptions/no_such_element.html
Build info: version: '2.33.0', revision: '4ecaf82108b2a6cc6f006aae81961236eba93358', time: '2013-05-22 12:00:17'
System info: os.name: 'Windows 8', os.arch: 'amd64', os.version: '6.2', java.version: '1.7.0_21'
Session ID: f1c52841-bf89-400a-b43a-f6b28c75b72c
Driver info: org.openqa.selenium.firefox.FirefoxDriver
Capabilities [{platform=XP, databaseEnabled=true, cssSelectorsEnabled=true, javascriptEnabled=true, acceptSslCerts=true, handlesAlerts=true, browserName=firefox, browserConnectionEnabled=true, nativeEvents=true, webStorageEnabled=true, rotatable=false, locationContextEnabled=true, applicationCacheEnabled=true, takesScreenshot=true, version=21.0}]]]>
            </message>
            <full-stacktrace>
              <![CDATA[org.openqa.selenium.NoSuchElementException: Unable to locate element: {"method":"css selector","selector":"a.btnTurqoise.backMain"}
Command duration or timeout: 10 milliseconds
For documentation on this error, please visit: http://seleniumhq.org/exceptions/no_such_element.html
Build info: version: '2.33.0', revision: '4ecaf82108b2a6cc6f006aae81961236eba93358', time: '2013-05-22 12:00:17'
System info: os.name: 'Windows 8', os.arch: 'amd64', os.version: '6.2', java.version: '1.7.0_21'
Session ID: f1c52841-bf89-400a-b43a-f6b28c75b72c
Driver info: org.openqa.selenium.firefox.FirefoxDriver
Capabilities [{platform=XP, databaseEnabled=true, cssSelectorsEnabled=true, javascriptEnabled=true, acceptSslCerts=true, handlesAlerts=true, browserName=firefox, browserConnectionEnabled=true, nativeEvents=true, webStorageEnabled=true, rotatable=false, locationContextEnabled=true, applicationCacheEnabled=true, takesScreenshot=true, version=21.0}]
	at sun.reflect.GeneratedConstructorAccessor11.newInstance(Unknown Source)
	at sun.reflect.DelegatingConstructorAccessorImpl.newInstance(Unknown Source)
	at java.lang.reflect.Constructor.newInstance(Unknown Source)
	at org.openqa.selenium.remote.ErrorHandler.createThrowable(ErrorHandler.java:191)
	at org.openqa.selenium.remote.ErrorHandler.throwIfResponseFailed(ErrorHandler.java:145)
	at org.openqa.selenium.remote.RemoteWebDriver.execute(RemoteWebDriver.java:554)
	at org.openqa.selenium.remote.RemoteWebDriver.findElement(RemoteWebDriver.java:307)
	at org.openqa.selenium.remote.RemoteWebDriver.findElementByCssSelector(RemoteWebDriver.java:396)
	at org.openqa.selenium.By$ByCssSelector.findElement(By.java:406)
	at org.openqa.selenium.remote.RemoteWebDriver.findElement(RemoteWebDriver.java:299)
	at org.openqa.selenium.support.pagefactory.DefaultElementLocator.findElement(DefaultElementLocator.java:59)
	at org.openqa.selenium.support.pagefactory.internal.LocatingElementHandler.invoke(LocatingElementHandler.java:34)
	at com.sun.proxy.$Proxy13.toString(Unknown Source)
	at java.lang.String.valueOf(Unknown Source)
	at java.lang.StringBuilder.append(Unknown Source)
	at org.openqa.selenium.support.ui.ExpectedConditions$5.toString(ExpectedConditions.java:161)
	at org.openqa.selenium.support.ui.FluentWait.until(FluentWait.java:223)
	at com.erol.cicek.UyelikActivationPage.waitForUyelikActivationPage(UyelikActivationPage.java:29)
	at com.erol.cicek.YeniBireyselUyelikTest.BireyselUyelikTest(YeniBireyselUyelikTest.java:18)
	at sun.reflect.NativeMethodAccessorImpl.invoke0(Native Method)
	at sun.reflect.NativeMethodAccessorImpl.invoke(Unknown Source)
	at sun.reflect.DelegatingMethodAccessorImpl.invoke(Unknown Source)
	at java.lang.reflect.Method.invoke(Unknown Source)
	at org.testng.internal.MethodInvocationHelper.invokeMethod(MethodInvocationHelper.java:84)
	at org.testng.internal.Invoker.invokeMethod(Invoker.java:714)
	at org.testng.internal.Invoker.invokeTestMethod(Invoker.java:901)
	at org.testng.internal.Invoker.invokeTestMethods(Invoker.java:1231)
	at org.testng.internal.TestMethodWorker.invokeTestMethods(TestMethodWorker.java:127)
	at org.testng.internal.TestMethodWorker.run(TestMethodWorker.java:111)
	at org.testng.TestRunner.privateRun(TestRunner.java:767)
	at org.testng.TestRunner.run(TestRunner.java:617)
	at org.testng.SuiteRunner.runTest(SuiteRunner.java:335)
	at org.testng.SuiteRunner.runSequentially(SuiteRunner.java:330)
	at org.testng.SuiteRunner.privateRun(SuiteRunner.java:291)
	at org.testng.SuiteRunner.run(SuiteRunner.java:240)
	at org.testng.SuiteRunnerWorker.runSuite(SuiteRunnerWorker.java:52)
	at org.testng.SuiteRunnerWorker.run(SuiteRunnerWorker.java:86)
	at org.testng.TestNG.runSuitesSequentially(TestNG.java:1224)
	at org.testng.TestNG.runSuitesLocally(TestNG.java:1149)
	at org.testng.TestNG.run(TestNG.java:1057)
	at org.testng.remote.RemoteTestNG.run(RemoteTestNG.java:111)
	at org.testng.remote.RemoteTestNG.initAndRun(RemoteTestNG.java:204)
	at org.testng.remote.RemoteTestNG.main(RemoteTestNG.java:175)
Caused by: org.openqa.selenium.remote.ErrorHandler$UnknownServerException: Unable to locate element: {"method":"css selector","selector":"a.btnTurqoise.backMain"}
Build info: version: '2.33.0', revision: '4ecaf82108b2a6cc6f006aae81961236eba93358', time: '2013-05-22 12:00:17'
System info: os.name: 'Windows 8', os.arch: 'amd64', os.version: '6.2', java.version: '1.7.0_21'
Driver info: driver.version: unknown
	at <anonymous class>.FirefoxDriver.prototype.findElementInternal_(file:///C:/Users/erol/AppData/Local/Temp/anonymous4942080359610469304webdriver-profile/extensions/fxdriver@googlecode.com/components/driver_component.js:8444)
	at <anonymous class>.FirefoxDriver.prototype.findElement(file:///C:/Users/erol/AppData/Local/Temp/anonymous4942080359610469304webdriver-profile/extensions/fxdriver@googlecode.com/components/driver_component.js:8453)
	at <anonymous class>.DelayedCommand.prototype.executeInternal_/h(file:///C:/Users/erol/AppData/Local/Temp/anonymous4942080359610469304webdriver-profile/extensions/fxdriver@googlecode.com/components/command_processor.js:10456)
	at <anonymous class>.DelayedCommand.prototype.executeInternal_(file:///C:/Users/erol/AppData/Local/Temp/anonymous4942080359610469304webdriver-profile/extensions/fxdriver@googlecode.com/components/command_processor.js:10461)
	at <anonymous class>.DelayedCommand.prototype.execute/<(file:///C:/Users/erol/AppData/Local/Temp/anonymous4942080359610469304webdriver-profile/extensions/fxdriver@googlecode.com/components/command_processor.js:10401)
]]>
            </full-stacktrace>
          </exception> <!-- org.openqa.selenium.NoSuchElementException -->
          <reporter-output>
          </reporter-output>
        </test-method> <!-- BireyselUyelikTest -->
        <test-method status="PASS" signature="closeBrowser(org.testng.ITestResult)[pri:0, instance:com.erol.cicek.YeniBireyselUyelikTest@79dd63b4]" name="closeBrowser" is-config="true" duration-ms="1521" started-at="2013-07-21T11:04:20Z" finished-at="2013-07-21T11:04:21Z">
          <params>
            <param index="0">
              <value>
                <![CDATA[[TestResult name=BireyselUyelikTest status=FAILURE method=YeniBireyselUyelikTest.BireyselUyelikTest(com.erol.yeniuyelik.data.YeniUyelikData)[pri:0, instance:com.erol.cicek.YeniBireyselUyelikTest@79dd63b4] output={null}]]]>
              </value>
            </param>
          </params>
          <reporter-output>
          </reporter-output>
        </test-method> <!-- closeBrowser -->
      </class> <!-- com.erol.cicek.YeniBireyselUyelikTest -->
    </test> <!-- Default test -->
  </suite> <!-- Default suite -->
</testng-results>
